25-06-2018 16:57:56.320 [main] INFO  com.ete.SpringEndtoEndApplication.main - Starting application
25-06-2018 16:58:01.616 [main] INFO  com.ete.SpringEndtoEndApplication.logStarting - Starting SpringEndtoEndApplication on MININT-TG3EAE0 with PID 13928 (started by Brian Stewart in C:\Users\Brian Stewart\Sample\SamplePipeline\SpringEndtoEnd)
25-06-2018 16:58:01.616 [main] INFO  com.ete.SpringEndtoEndApplication.logStartupProfileInfo - No active profile set, falling back to default profiles: default
25-06-2018 16:58:01.878 [main] INFO  o.s.b.c.e.AnnotationConfigEmbeddedWebApplicationContext.prepareRefresh - Refreshing org.springframework.boot.context.embedded.AnnotationConfigEmbeddedWebApplicationContext@52f2a2: startup date [Mon Jun 25 16:58:01 GMT-05:00 2018]; root of context hierarchy
25-06-2018 16:58:04.166 [background-preinit] INFO  o.h.validator.internal.util.Version.<clinit> - HV000001: Hibernate Validator 5.3.5.Final
25-06-2018 16:58:08.411 [main] INFO  o.s.b.c.e.t.TomcatEmbeddedServletContainer.initialize - Tomcat initialized with port(s): 8080 (http)
25-06-2018 16:58:08.553 [main] INFO  o.a.catalina.core.StandardService.log - Starting service [Tomcat]
25-06-2018 16:58:08.554 [main] INFO  o.a.catalina.core.StandardEngine.log - Starting Servlet Engine: Apache Tomcat/8.5.20
25-06-2018 16:58:08.947 [localhost-startStop-1] INFO  o.a.c.c.C.[Tomcat].[localhost].[/].log - Initializing Spring embedded WebApplicationContext
25-06-2018 16:58:08.948 [localhost-startStop-1] INFO  o.s.web.context.ContextLoader.prepareEmbeddedWebApplicationContext - Root WebApplicationContext: initialization completed in 7070 ms
25-06-2018 16:58:09.152 [localhost-startStop-1] INFO  o.s.b.w.s.ServletRegistrationBean.onStartup - Mapping servlet: 'dispatcherServlet' to [/]
25-06-2018 16:58:09.156 [localhost-startStop-1] INFO  o.s.b.w.s.FilterRegistrationBean.configure - Mapping filter: 'characterEncodingFilter' to: [/*]
25-06-2018 16:58:09.157 [localhost-startStop-1] INFO  o.s.b.w.s.FilterRegistrationBean.configure - Mapping filter: 'hiddenHttpMethodFilter' to: [/*]
25-06-2018 16:58:09.157 [localhost-startStop-1] INFO  o.s.b.w.s.FilterRegistrationBean.configure - Mapping filter: 'httpPutFormContentFilter' to: [/*]
25-06-2018 16:58:09.157 [localhost-startStop-1] INFO  o.s.b.w.s.FilterRegistrationBean.configure - Mapping filter: 'requestContextFilter' to: [/*]
25-06-2018 16:58:10.694 [main] INFO  o.s.o.j.LocalContainerEntityManagerFactoryBean.createNativeEntityManagerFactory - Building JPA container EntityManagerFactory for persistence unit 'default'
25-06-2018 16:58:10.749 [main] INFO  o.h.jpa.internal.util.LogHelper.logPersistenceUnitInformation - HHH000204: Processing PersistenceUnitInfo [
	name: default
	...]
25-06-2018 16:58:11.336 [main] INFO  org.hibernate.Version.logVersion - HHH000412: Hibernate Core {5.0.12.Final}
25-06-2018 16:58:11.337 [main] INFO  org.hibernate.cfg.Environment.<clinit> - HHH000206: hibernate.properties not found
25-06-2018 16:58:11.339 [main] INFO  org.hibernate.cfg.Environment.buildBytecodeProvider - HHH000021: Bytecode provider name : javassist
25-06-2018 16:58:11.604 [main] INFO  o.h.annotations.common.Version.<clinit> - HCANN000001: Hibernate Commons Annotations {5.0.1.Final}
25-06-2018 16:58:12.163 [main] INFO  org.hibernate.dialect.Dialect.<init> - HHH000400: Using dialect: org.hibernate.dialect.MySQL5Dialect
25-06-2018 16:58:12.977 [main] INFO  o.h.tool.hbm2ddl.SchemaUpdate.execute - HHH000228: Running hbm2ddl schema update
25-06-2018 16:58:13.349 [main] INFO  o.s.o.j.LocalContainerEntityManagerFactoryBean.buildNativeEntityManagerFactory - Initialized JPA EntityManagerFactory for persistence unit 'default'
25-06-2018 16:58:14.818 [main] INFO  o.s.w.s.m.m.a.RequestMappingHandlerAdapter.initControllerAdviceCache - Looking for @ControllerAdvice: org.springframework.boot.context.embedded.AnnotationConfigEmbeddedWebApplicationContext@52f2a2: startup date [Mon Jun 25 16:58:01 GMT-05:00 2018]; root of context hierarchy
25-06-2018 16:58:15.215 [main] INFO  o.s.w.s.m.m.a.RequestMappingHandlerMapping.register - Mapped "{[/users/addCustom],methods=[POST]}" onto public org.springframework.http.ResponseEntity<?> com.ete.controllers.UserController.register(com.ete.models.User)
25-06-2018 16:58:15.218 [main] INFO  o.s.w.s.m.m.a.RequestMappingHandlerMapping.register - Mapped "{[/users/add],methods=[POST]}" onto public void com.ete.controllers.UserController.addUser(com.ete.models.User)
25-06-2018 16:58:15.218 [main] INFO  o.s.w.s.m.m.a.RequestMappingHandlerMapping.register - Mapped "{[/users],methods=[GET]}" onto public java.util.List<com.ete.models.User> com.ete.controllers.UserController.getAllUsers()
25-06-2018 16:58:15.219 [main] INFO  o.s.w.s.m.m.a.RequestMappingHandlerMapping.register - Mapped "{[/users/update],methods=[PUT]}" onto public org.springframework.http.ResponseEntity<?> com.ete.controllers.UserController.updateUser(com.ete.models.User)
25-06-2018 16:58:15.220 [main] INFO  o.s.w.s.m.m.a.RequestMappingHandlerMapping.register - Mapped "{[/users/delete/{id}],methods=[DELETE]}" onto public java.lang.String com.ete.controllers.UserController.deleteUser(java.lang.Integer)
25-06-2018 16:58:15.220 [main] INFO  o.s.w.s.m.m.a.RequestMappingHandlerMapping.register - Mapped "{[/users/{id}]}" onto public org.springframework.http.ResponseEntity<?> com.ete.controllers.UserController.getUsers(java.lang.Integer)
25-06-2018 16:58:15.221 [main] INFO  o.s.w.s.m.m.a.RequestMappingHandlerMapping.register - Mapped "{[/users/login],methods=[GET]}" onto public org.springframework.http.ResponseEntity<?> com.ete.controllers.UserController.Login(java.lang.String,java.lang.String)
25-06-2018 16:58:15.222 [main] INFO  o.s.w.s.m.m.a.RequestMappingHandlerMapping.register - Mapped "{[/io],methods=[GET]}" onto public java.lang.String com.ete.controllers.UserController.io() throws java.lang.InterruptedException
25-06-2018 16:58:15.222 [main] INFO  o.s.w.s.m.m.a.RequestMappingHandlerMapping.register - Mapped "{[/users/GetByUsername/{username}],methods=[GET]}" onto public org.springframework.http.ResponseEntity<?> com.ete.controllers.UserController.getUsersByUsername(java.lang.String)
25-06-2018 16:58:15.225 [main] INFO  o.s.w.s.m.m.a.RequestMappingHandlerMapping.register - Mapped "{[/error]}" onto public org.springframework.http.ResponseEntity<java.util.Map<java.lang.String, java.lang.Object>> org.springframework.boot.autoconfigure.web.BasicErrorController.error(javax.servlet.http.HttpServletRequest)
25-06-2018 16:58:15.226 [main] INFO  o.s.w.s.m.m.a.RequestMappingHandlerMapping.register - Mapped "{[/error],produces=[text/html]}" onto public org.springframework.web.servlet.ModelAndView org.springframework.boot.autoconfigure.web.BasicErrorController.errorHtml(javax.servlet.http.HttpServletRequest,javax.servlet.http.HttpServletResponse)
25-06-2018 16:58:15.298 [main] INFO  o.s.w.s.h.SimpleUrlHandlerMapping.registerHandler - Mapped URL path [/webjars/**] onto handler of type [class org.springframework.web.servlet.resource.ResourceHttpRequestHandler]
25-06-2018 16:58:15.298 [main] INFO  o.s.w.s.h.SimpleUrlHandlerMapping.registerHandler - Mapped URL path [/**] onto handler of type [class org.springframework.web.servlet.resource.ResourceHttpRequestHandler]
25-06-2018 16:58:15.359 [main] INFO  o.s.w.s.h.SimpleUrlHandlerMapping.registerHandler - Mapped URL path [/**/favicon.ico] onto handler of type [class org.springframework.web.servlet.resource.ResourceHttpRequestHandler]
25-06-2018 16:58:16.410 [main] INFO  o.s.j.e.a.AnnotationMBeanExporter.afterSingletonsInstantiated - Registering beans for JMX exposure on startup
25-06-2018 16:58:16.653 [main] INFO  o.a.coyote.http11.Http11NioProtocol.log - Initializing ProtocolHandler ["http-nio-8080"]
25-06-2018 16:58:16.765 [main] INFO  o.a.coyote.http11.Http11NioProtocol.log - Starting ProtocolHandler ["http-nio-8080"]
25-06-2018 16:58:17.182 [main] INFO  o.a.tomcat.util.net.NioSelectorPool.log - Using a shared selector for servlet write/read
25-06-2018 16:58:17.770 [main] INFO  o.s.b.c.e.t.TomcatEmbeddedServletContainer.start - Tomcat started on port(s): 8080 (http)
25-06-2018 16:58:17.856 [main] INFO  com.ete.SpringEndtoEndApplication.logStarted - Started SpringEndtoEndApplication in 19.693 seconds (JVM running for 22.74)
25-06-2018 16:58:45.110 [http-nio-8080-exec-1] INFO  o.a.c.c.C.[Tomcat].[localhost].[/].log - Initializing Spring FrameworkServlet 'dispatcherServlet'
25-06-2018 16:58:45.111 [http-nio-8080-exec-1] INFO  o.s.web.servlet.DispatcherServlet.initServletBean - FrameworkServlet 'dispatcherServlet': initialization started
25-06-2018 16:58:45.187 [http-nio-8080-exec-1] INFO  o.s.web.servlet.DispatcherServlet.initServletBean - FrameworkServlet 'dispatcherServlet': initialization completed in 76 ms
25-06-2018 16:58:45.336 [http-nio-8080-exec-1] INFO  com.ete.controllers.UserController.getAllUsers - Getting all users
25-06-2018 16:58:46.134 [http-nio-8080-exec-1] INFO  o.h.h.i.QueryTranslatorFactoryInitiator.initiateService - HHH000397: Using ASTQueryTranslatorFactory
25-06-2018 16:58:47.070 [http-nio-8080-exec-1] DEBUG org.hibernate.SQL.logStatement - select user0_.id as id1_0_, user0_.password as password2_0_, user0_.username as username3_0_ from user user0_
